0 info it worked if it ends with ok
1 verbose cli [ '/usr/local/bin/node', '/usr/local/bin/npm', 'run', 'deploy' ]
2 info using npm@3.10.10
3 info using node@v6.17.1
4 verbose run-script [ 'predeploy', 'deploy', 'postdeploy' ]
5 info lifecycle FoxyPhilips@~predeploy: FoxyPhilips@
6 verbose lifecycle FoxyPhilips@~predeploy: unsafe-perm in lifecycle true
7 verbose lifecycle FoxyPhilips@~predeploy: PATH: /usr/local/lib/node_modules/npm/bin/node-gyp-bin:/Users/xiaolu/Documents/csProject/FoxyPhilips/node_modules/.bin:/anaconda3/bin:/Users/xiaolu/.gvm/bin:/Users/xiaolu/.rvm/gems/ruby-2.4.2/bin:/Users/xiaolu/.rvm/gems/ruby-2.4.2@global/bin:/Users/xiaolu/.rvm/rubies/ruby-2.4.2/bin:/opt/local/bin:/opt/local/sbin:/usr/local/bin:/usr/bin:/bin:/usr/sbin:/sbin:/usr/local/go/bin:/opt/X11/bin:/Library/Frameworks/Mono.framework/Versions/Current/Commands:/Applications/Wireshark.app/Contents/MacOS:/Users/xiaolu/google-cloud-sdk/bin:/anaconda3/bin:/Users/xiaolu/.gvm/bin:/opt/local/bin:/opt/local/sbin:/Users/xiaolu/.rvm/gems/ruby-2.4.2/bin:/Users/xiaolu/.rvm/gems/ruby-2.4.2@global/bin:/Users/xiaolu/.rvm/rubies/ruby-2.4.2/bin:/Users/xiaolu/Library/Android/sdk/tools:/Users/xiaolu/Library/Android/sdk/platform-tools:/Users/xiaolu/.rvm/bin:/Users/xiaolu/Library/Android/sdk/tools:/Users/xiaolu/Library/Android/sdk/platform-tools:/Users/xiaolu/.rvm/bin
8 verbose lifecycle FoxyPhilips@~predeploy: CWD: /Users/xiaolu/Documents/csProject/FoxyPhilips
9 silly lifecycle FoxyPhilips@~predeploy: Args: [ '-c',
9 silly lifecycle   'npm run dist && cp app.yaml ../bundle/ && cp Dockerfile ../bundle/' ]
10 silly lifecycle FoxyPhilips@~predeploy: Returned: code: 0  signal: null
11 info lifecycle FoxyPhilips@~deploy: FoxyPhilips@
12 verbose lifecycle FoxyPhilips@~deploy: unsafe-perm in lifecycle true
13 verbose lifecycle FoxyPhilips@~deploy: PATH: /usr/local/lib/node_modules/npm/bin/node-gyp-bin:/Users/xiaolu/Documents/csProject/FoxyPhilips/node_modules/.bin:/anaconda3/bin:/Users/xiaolu/.gvm/bin:/Users/xiaolu/.rvm/gems/ruby-2.4.2/bin:/Users/xiaolu/.rvm/gems/ruby-2.4.2@global/bin:/Users/xiaolu/.rvm/rubies/ruby-2.4.2/bin:/opt/local/bin:/opt/local/sbin:/usr/local/bin:/usr/bin:/bin:/usr/sbin:/sbin:/usr/local/go/bin:/opt/X11/bin:/Library/Frameworks/Mono.framework/Versions/Current/Commands:/Applications/Wireshark.app/Contents/MacOS:/Users/xiaolu/google-cloud-sdk/bin:/anaconda3/bin:/Users/xiaolu/.gvm/bin:/opt/local/bin:/opt/local/sbin:/Users/xiaolu/.rvm/gems/ruby-2.4.2/bin:/Users/xiaolu/.rvm/gems/ruby-2.4.2@global/bin:/Users/xiaolu/.rvm/rubies/ruby-2.4.2/bin:/Users/xiaolu/Library/Android/sdk/tools:/Users/xiaolu/Library/Android/sdk/platform-tools:/Users/xiaolu/.rvm/bin:/Users/xiaolu/Library/Android/sdk/tools:/Users/xiaolu/Library/Android/sdk/platform-tools:/Users/xiaolu/.rvm/bin
14 verbose lifecycle FoxyPhilips@~deploy: CWD: /Users/xiaolu/Documents/csProject/FoxyPhilips
15 silly lifecycle FoxyPhilips@~deploy: Args: [ '-c',
15 silly lifecycle   'npm run predeploy && (cd ../bundle && gcloud app deploy -q)' ]
16 silly lifecycle FoxyPhilips@~deploy: Returned: code: 1  signal: null
17 info lifecycle FoxyPhilips@~deploy: Failed to exec deploy script
18 verbose stack Error: FoxyPhilips@ deploy: `npm run predeploy && (cd ../bundle && gcloud app deploy -q)`
18 verbose stack Exit status 1
18 verbose stack     at EventEmitter.<anonymous> (/usr/local/lib/node_modules/npm/lib/utils/lifecycle.js:255:16)
18 verbose stack     at emitTwo (events.js:106:13)
18 verbose stack     at EventEmitter.emit (events.js:191:7)
18 verbose stack     at ChildProcess.<anonymous> (/usr/local/lib/node_modules/npm/lib/utils/spawn.js:40:14)
18 verbose stack     at emitTwo (events.js:106:13)
18 verbose stack     at ChildProcess.emit (events.js:191:7)
18 verbose stack     at maybeClose (internal/child_process.js:920:16)
18 verbose stack     at Process.ChildProcess._handle.onexit (internal/child_process.js:230:5)
19 verbose pkgid FoxyPhilips@
20 verbose cwd /Users/xiaolu/Documents/csProject/FoxyPhilips
21 error Darwin 18.2.0
22 error argv "/usr/local/bin/node" "/usr/local/bin/npm" "run" "deploy"
23 error node v6.17.1
24 error npm  v3.10.10
25 error code ELIFECYCLE
26 error FoxyPhilips@ deploy: `npm run predeploy && (cd ../bundle && gcloud app deploy -q)`
26 error Exit status 1
27 error Failed at the FoxyPhilips@ deploy script 'npm run predeploy && (cd ../bundle && gcloud app deploy -q)'.
27 error Make sure you have the latest version of node.js and npm installed.
27 error If you do, this is most likely a problem with the FoxyPhilips package,
27 error not with npm itself.
27 error Tell the author that this fails on your system:
27 error     npm run predeploy && (cd ../bundle && gcloud app deploy -q)
27 error You can get information on how to open an issue for this project with:
27 error     npm bugs FoxyPhilips
27 error Or if that isn't available, you can get their info via:
27 error     npm owner ls FoxyPhilips
27 error There is likely additional logging output above.
28 verbose exit [ 1, true ]
